<?xml version="1.0" encoding="utf-8"?><testsuites name="pytest tests"><testsuite name="pytest" errors="0" failures="0" skipped="0" tests="22" time="10.108" timestamp="2026-08-16T09:13:08.257045+00:00" hostname="agent-env-a023b1e6-a67c-4b66-ab81-85c084c890d4"><testcase classname="tests.backend_test.TestSchedules" name="test_01_create_and_list" time="0.213" /><testcase classname="tests.backend_test.TestChat" name="test_01_create_chat" time="0.114" /><testcase classname="tests.backend_test.TestChat" name="test_02_list_chats" time="0.092" /><testcase classname="tests.backend_test.TestChat" name="test_03_send_message_english" time="1.209" /><testcase classname="tests.backend_test.TestSchedules" name="test_02_update" time="0.095" /><testcase classname="tests.backend_test.TestSchedules" name="test_03_max_5_active_enforced" time="0.658" /><testcase classname="tests.backend_test.TestSchedules" name="test_04_delete" time="0.191" /><testcase classname="tests.backend_test.TestAuth" name="test_me_without_token_401" time="0.131" /><testcase classname="tests.backend_test.TestAuth" name="test_me_with_bearer_token" time="0.126" /><testcase classname="tests.backend_test.TestAuth" name="test_me_with_invalid_token" time="0.096" /><testcase classname="tests.backend_test.TestChat" name="test_04_list_messages" time="0.140" /><testcase classname="tests.backend_test.TestNavigation" name="test_01_usage_default" time="0.093" /><testcase classname="tests.backend_test.TestChat" name="test_05_regenerate" time="1.173" /><testcase classname="tests.backend_test.TestNavigation" name="test_02_analyze_success" time="2.006" /><testcase classname="tests.backend_test.TestChat" name="test_06_tamil_language" time="2.351" /><testcase classname="tests.backend_test.TestNavigation" name="test_03_daily_limit_enforced" time="0.096" /><testcase classname="tests.backend_test.TestSettings" name="test_01_get_defaults" time="0.089" /><testcase classname="tests.backend_test.TestSettings" name="test_02_update_and_persist" time="0.180" /><testcase classname="tests.backend_test.TestHealth" name="test_root" time="0.099" /><testcase classname="tests.backend_test.TestReports" name="test_01_create_report" time="0.128" /><testcase classname="tests.backend_test.TestChat" name="test_07_tanglish" time="4.002" /><testcase classname="tests.backend_test.TestChat" name="test_08_delete_chat" time="0.192" /></testsuite></testsuites>